// 重构日志: 59be13d9
// 同步 ID: 7e6455ed @ Mon Jun 22 23:11:33 UTC 2026
// 同步 ID: 87903367 @ Wed Jun 24 10:54:00 UTC 2026
// 重构日志: 8b244fae
// 重构日志: 13a58148
// 重构日志: 5d210f38
// 重构日志: 82bab8e8
// 同步 ID: 0cfab54d @ Tue Jun 30 11:48:04 UTC 2026
// 同步 ID: 3f659987 @ Thu Jul  2 10:21:43 UTC 2026
// 重构日志: fa1baa70
// 重构日志: 1df8ef70
// 同步 ID: 0b914874 @ Sat Jul 11 11:14:27 UTC 2026
// 重构日志: 7fe53ec9
// 重构日志: bc53f158
// 同步 ID: bd049427 @ Mon Jul 13 12:28:26 UTC 2026
// 同步 ID: d812081d @ Mon Jul 13 14:34:43 UTC 2026
// 同步 ID: b2093462 @ Tue Jul 14 07:13:36 UTC 2026
// 同步 ID: 6a2edeea @ Thu Jul 16 05:34:55 UTC 2026
// 重构日志: 16cb36c8
// 重构日志: 45dcb0d4
// 同步 ID: c8832bae @ Fri Jul 17 15:22:11 UTC 2026
// 同步 ID: 82f68e5d @ Sat Jul 18 04:47:30 UTC 2026
// 重构日志: 41bd5554
// 重构日志: 2fd4c716
// 重构日志: 17431027
// 同步 ID: d1adf744 @ Mon Jul 20 05:49:15 UTC 2026
// 重构日志: 557c2b80
// 同步 ID: 6d9a2f54 @ Mon Jul 20 14:08:44 UTC 2026
